objc[21333]: Class AXEmojiUtilities is implemented in both /Applications/Xcode.app/Contents/Developer/Platforms/iPhoneSimulator.platform/Developer/SDKs/iPhoneSimulator7.0.sdk/System/Library/PrivateFrameworks/AccessibilityUtilities.framework/AccessibilityUtilities and /Applications/Xcode.app/Contents/Developer/Platforms/iPhoneSimulator.platform/Developer/SDKs/iPhoneSimulator7.0.sdk/usr/lib/libAXSpeechManager.dylib. One of the two will be used. Which one is undefined.
2014-02-18 01:46:37.237 UWDECA Ignite Conference 2014[21333:80b] Cannot find executable for CFBundle 0xa44e080 </Applications/Xcode.app/Contents/Developer/Platforms/iPhoneSimulator.platform/Developer/SDKs/iPhoneSimulator7.0.sdk/System/Library/AccessibilityBundles/CertUIFramework.axbundle> (not loaded)
2014-02-18 01:46:37.271 UWDECA Ignite Conference 2014[21333:80b] Cannot find executable for CFBundle 0xa5722f0 </Applications/Xcode.app/Contents/Developer/Platforms/iPhoneSimulator.platform/Developer/SDKs/iPhoneSimulator7.0.sdk/System/Library/AccessibilityBundles/GeoServices.axbundle> (not loaded)
2014-02-18 01:46:37.315 UWDECA Ignite Conference 2014[21333:80b] Multi-tasking -> Device: YES, App: YES
2014-02-18 01:46:37.345 UWDECA Ignite Conference 2014[21333:80b] Unlimited access to network resources
2014-02-18 01:46:37.357 UWDECA Ignite Conference 2014[21333:80b] Fix applied for database locations?: YES
2014-02-18 01:46:37.685 UWDECA Ignite Conference 2014[21333:80b] Resetting plugins due to page load.
2014-02-18 01:46:37.926 UWDECA Ignite Conference 2014[21333:80b] Finished load of: file:///Users/shahmeernavid/Library/Application%20Support/iPhone%20Simulator/7.0/Applications/11D1DF68-45EF-4599-9FD5-60C7EDB4C373/UWDECA%20Ignite%20Conference%202014.app/www/index.html
objc[22896]: Class AXEmojiUtilities is implemented in both /Applications/Xcode.app/Contents/Developer/Platforms/iPhoneSimulator.platform/Developer/SDKs/iPhoneSimulator7.0.sdk/System/Library/PrivateFrameworks/AccessibilityUtilities.framework/AccessibilityUtilities and /Applications/Xcode.app/Contents/Developer/Platforms/iPhoneSimulator.platform/Developer/SDKs/iPhoneSimulator7.0.sdk/usr/lib/libAXSpeechManager.dylib. One of the two will be used. Which one is undefined.
2014-02-18 01:51:29.158 UWDECA Ignite Conference 2014[22896:80b] Cannot find executable for CFBundle 0xa586ec0 </Applications/Xcode.app/Contents/Developer/Platforms/iPhoneSimulator.platform/Developer/SDKs/iPhoneSimulator7.0.sdk/System/Library/AccessibilityBundles/GeoServices.axbundle> (not loaded)
2014-02-18 01:51:29.180 UWDECA Ignite Conference 2014[22896:80b] Cannot find executable for CFBundle 0xa494310 </Applications/Xcode.app/Contents/Developer/Platforms/iPhoneSimulator.platform/Developer/SDKs/iPhoneSimulator7.0.sdk/System/Library/AccessibilityBundles/CertUIFramework.axbundle> (not loaded)
2014-02-18 01:51:29.219 UWDECA Ignite Conference 2014[22896:80b] Multi-tasking -> Device: YES, App: YES
2014-02-18 01:51:29.243 UWDECA Ignite Conference 2014[22896:80b] Unlimited access to network resources
2014-02-18 01:51:29.614 UWDECA Ignite Conference 2014[22896:80b] Resetting plugins due to page load.
2014-02-18 01:51:29.849 UWDECA Ignite Conference 2014[22896:80b] Finished load of: file:///Users/shahmeernavid/Library/Application%20Support/iPhone%20Simulator/7.0/Applications/11D1DF68-45EF-4599-9FD5-60C7EDB4C373/UWDECA%20Ignite%20Conference%202014.app/www/index.html
objc[24511]: Class AXEmojiUtilities is implemented in both /Applications/Xcode.app/Contents/Developer/Platforms/iPhoneSimulator.platform/Developer/SDKs/iPhoneSimulator7.0.sdk/System/Library/PrivateFrameworks/AccessibilityUtilities.framework/AccessibilityUtilities and /Applications/Xcode.app/Contents/Developer/Platforms/iPhoneSimulator.platform/Developer/SDKs/iPhoneSimulator7.0.sdk/usr/lib/libAXSpeechManager.dylib. One of the two will be used. Which one is undefined.
2014-02-18 01:55:02.693 UWDECA Ignite Conference 2014[24511:80b] Cannot find executable for CFBundle 0xa6785e0 </Applications/Xcode.app/Contents/Developer/Platforms/iPhoneSimulator.platform/Developer/SDKs/iPhoneSimulator7.0.sdk/System/Library/AccessibilityBundles/GeoServices.axbundle> (not loaded)
2014-02-18 01:55:02.737 UWDECA Ignite Conference 2014[24511:80b] Cannot find executable for CFBundle 0xa498b00 </Applications/Xcode.app/Contents/Developer/Platforms/iPhoneSimulator.platform/Developer/SDKs/iPhoneSimulator7.0.sdk/System/Library/AccessibilityBundles/CertUIFramework.axbundle> (not loaded)
2014-02-18 01:55:02.933 UWDECA Ignite Conference 2014[24511:80b] Multi-tasking -> Device: YES, App: YES
2014-02-18 01:55:02.963 UWDECA Ignite Conference 2014[24511:80b] Unlimited access to network resources
2014-02-18 01:55:03.320 UWDECA Ignite Conference 2014[24511:80b] Resetting plugins due to page load.
2014-02-18 01:55:03.605 UWDECA Ignite Conference 2014[24511:80b] Finished load of: file:///Users/shahmeernavid/Library/Application%20Support/iPhone%20Simulator/7.0/Applications/11D1DF68-45EF-4599-9FD5-60C7EDB4C373/UWDECA%20Ignite%20Conference%202014.app/www/index.html
objc[28103]: Class AXEmojiUtilities is implemented in both /Applications/Xcode.app/Contents/Developer/Platforms/iPhoneSimulator.platform/Developer/SDKs/iPhoneSimulator7.0.sdk/System/Library/PrivateFrameworks/AccessibilityUtilities.framework/AccessibilityUtilities and /Applications/Xcode.app/Contents/Developer/Platforms/iPhoneSimulator.platform/Developer/SDKs/iPhoneSimulator7.0.sdk/usr/lib/libAXSpeechManager.dylib. One of the two will be used. Which one is undefined.
2014-02-18 02:13:18.746 UWDECA Ignite Conference 2014[28103:80b] Cannot find executable for CFBundle 0xa4c0b60 </Applications/Xcode.app/Contents/Developer/Platforms/iPhoneSimulator.platform/Developer/SDKs/iPhoneSimulator7.0.sdk/System/Library/AccessibilityBundles/GeoServices.axbundle> (not loaded)
2014-02-18 02:13:18.781 UWDECA Ignite Conference 2014[28103:80b] Cannot find executable for CFBundle 0xa4c4be0 </Applications/Xcode.app/Contents/Developer/Platforms/iPhoneSimulator.platform/Developer/SDKs/iPhoneSimulator7.0.sdk/System/Library/AccessibilityBundles/CertUIFramework.axbundle> (not loaded)
2014-02-18 02:13:18.870 UWDECA Ignite Conference 2014[28103:80b] Multi-tasking -> Device: YES, App: YES
2014-02-18 02:13:18.904 UWDECA Ignite Conference 2014[28103:80b] Unlimited access to network resources
2014-02-18 02:13:19.262 UWDECA Ignite Conference 2014[28103:80b] Resetting plugins due to page load.
2014-02-18 02:13:21.124 UWDECA Ignite Conference 2014[28103:80b] Finished load of: file:///Users/shahmeernavid/Library/Application%20Support/iPhone%20Simulator/7.0/Applications/11D1DF68-45EF-4599-9FD5-60C7EDB4C373/UWDECA%20Ignite%20Conference%202014.app/www/index.html
2014-02-18 02:13:28.304 UWDECA Ignite Conference 2014[28103:80b] THREAD WARNING: ['InAppBrowser'] took '84.777832' ms. Plugin should use a background thread.
objc[29599]: Class AXEmojiUtilities is implemented in both /Applications/Xcode.app/Contents/Developer/Platforms/iPhoneSimulator.platform/Developer/SDKs/iPhoneSimulator7.0.sdk/System/Library/PrivateFrameworks/AccessibilityUtilities.framework/AccessibilityUtilities and /Applications/Xcode.app/Contents/Developer/Platforms/iPhoneSimulator.platform/Developer/SDKs/iPhoneSimulator7.0.sdk/usr/lib/libAXSpeechManager.dylib. One of the two will be used. Which one is undefined.
2014-02-18 02:16:36.448 UWDECA Ignite Conference 2014[29599:80b] Cannot find executable for CFBundle 0xa66ce10 </Applications/Xcode.app/Contents/Developer/Platforms/iPhoneSimulator.platform/Developer/SDKs/iPhoneSimulator7.0.sdk/System/Library/AccessibilityBundles/CertUIFramework.axbundle> (not loaded)
2014-02-18 02:16:36.489 UWDECA Ignite Conference 2014[29599:80b] Cannot find executable for CFBundle 0xa469da0 </Applications/Xcode.app/Contents/Developer/Platforms/iPhoneSimulator.platform/Developer/SDKs/iPhoneSimulator7.0.sdk/System/Library/AccessibilityBundles/GeoServices.axbundle> (not loaded)
2014-02-18 02:16:36.548 UWDECA Ignite Conference 2014[29599:80b] Multi-tasking -> Device: YES, App: YES
2014-02-18 02:16:36.583 UWDECA Ignite Conference 2014[29599:80b] Unlimited access to network resources
2014-02-18 02:16:37.233 UWDECA Ignite Conference 2014[29599:80b] Resetting plugins due to page load.
2014-02-18 02:16:38.716 UWDECA Ignite Conference 2014[29599:80b] Finished load of: file:///Users/shahmeernavid/Library/Application%20Support/iPhone%20Simulator/7.0/Applications/11D1DF68-45EF-4599-9FD5-60C7EDB4C373/UWDECA%20Ignite%20Conference%202014.app/www/index.html
2014-02-18 02:16:56.717 UWDECA Ignite Conference 2014[29599:80b] THREAD WARNING: ['InAppBrowser'] took '82.060059' ms. Plugin should use a background thread.
objc[31427]: Class AXEmojiUtilities is implemented in both /Applications/Xcode.app/Contents/Developer/Platforms/iPhoneSimulator.platform/Developer/SDKs/iPhoneSimulator7.0.sdk/System/Library/PrivateFrameworks/AccessibilityUtilities.framework/AccessibilityUtilities and /Applications/Xcode.app/Contents/Developer/Platforms/iPhoneSimulator.platform/Developer/SDKs/iPhoneSimulator7.0.sdk/usr/lib/libAXSpeechManager.dylib. One of the two will be used. Which one is undefined.
2014-02-18 02:25:52.279 UWDECA Ignite Conference 2014[31427:80b] Cannot find executable for CFBundle 0xa4a7520 </Applications/Xcode.app/Contents/Developer/Platforms/iPhoneSimulator.platform/Developer/SDKs/iPhoneSimulator7.0.sdk/System/Library/AccessibilityBundles/GeoServices.axbundle> (not loaded)
2014-02-18 02:25:52.312 UWDECA Ignite Conference 2014[31427:80b] Cannot find executable for CFBundle 0xa4de2b0 </Applications/Xcode.app/Contents/Developer/Platforms/iPhoneSimulator.platform/Developer/SDKs/iPhoneSimulator7.0.sdk/System/Library/AccessibilityBundles/CertUIFramework.axbundle> (not loaded)
2014-02-18 02:25:52.349 UWDECA Ignite Conference 2014[31427:80b] Multi-tasking -> Device: YES, App: YES
2014-02-18 02:25:52.400 UWDECA Ignite Conference 2014[31427:80b] Unlimited access to network resources
2014-02-18 02:25:52.792 UWDECA Ignite Conference 2014[31427:80b] Resetting plugins due to page load.
2014-02-18 02:25:54.594 UWDECA Ignite Conference 2014[31427:80b] Finished load of: file:///Users/shahmeernavid/Library/Application%20Support/iPhone%20Simulator/7.0/Applications/11D1DF68-45EF-4599-9FD5-60C7EDB4C373/UWDECA%20Ignite%20Conference%202014.app/www/index.html
2014-02-18 02:28:16.206 UWDECA Ignite Conference 2014[31427:80b] THREAD WARNING: ['InAppBrowser'] took '72.921875' ms. Plugin should use a background thread.
objc[33053]: Class AXEmojiUtilities is implemented in both /Applications/Xcode.app/Contents/Developer/Platforms/iPhoneSimulator.platform/Developer/SDKs/iPhoneSimulator7.0.sdk/System/Library/PrivateFrameworks/AccessibilityUtilities.framework/AccessibilityUtilities and /Applications/Xcode.app/Contents/Developer/Platforms/iPhoneSimulator.platform/Developer/SDKs/iPhoneSimulator7.0.sdk/usr/lib/libAXSpeechManager.dylib. One of the two will be used. Which one is undefined.
2014-02-18 02:32:57.925 UWDECA Ignite Conference 2014[33053:80b] Cannot find executable for CFBundle 0xa491be0 </Applications/Xcode.app/Contents/Developer/Platforms/iPhoneSimulator.platform/Developer/SDKs/iPhoneSimulator7.0.sdk/System/Library/AccessibilityBundles/CertUIFramework.axbundle> (not loaded)
2014-02-18 02:32:57.979 UWDECA Ignite Conference 2014[33053:80b] Cannot find executable for CFBundle 0xa6c75a0 </Applications/Xcode.app/Contents/Developer/Platforms/iPhoneSimulator.platform/Developer/SDKs/iPhoneSimulator7.0.sdk/System/Library/AccessibilityBundles/GeoServices.axbundle> (not loaded)
2014-02-18 02:32:58.081 UWDECA Ignite Conference 2014[33053:80b] Multi-tasking -> Device: YES, App: YES
2014-02-18 02:32:58.152 UWDECA Ignite Conference 2014[33053:80b] Unlimited access to network resources
2014-02-18 02:32:58.501 UWDECA Ignite Conference 2014[33053:80b] Resetting plugins due to page load.
2014-02-18 02:32:59.117 UWDECA Ignite Conference 2014[33053:80b] Finished load of: file:///Users/shahmeernavid/Library/Application%20Support/iPhone%20Simulator/7.0/Applications/11D1DF68-45EF-4599-9FD5-60C7EDB4C373/UWDECA%20Ignite%20Conference%202014.app/www/index.html
2014-02-18 02:33:49.016 UWDECA Ignite Conference 2014[33053:80b] THREAD WARNING: ['InAppBrowser'] took '34.722168' ms. Plugin should use a background thread.
objc[38286]: Class AXEmojiUtilities is implemented in both /Applications/Xcode.app/Contents/Developer/Platforms/iPhoneSimulator.platform/Developer/SDKs/iPhoneSimulator7.0.sdk/System/Library/PrivateFrameworks/AccessibilityUtilities.framework/AccessibilityUtilities and /Applications/Xcode.app/Contents/Developer/Platforms/iPhoneSimulator.platform/Developer/SDKs/iPhoneSimulator7.0.sdk/usr/lib/libAXSpeechManager.dylib. One of the two will be used. Which one is undefined.
2014-02-18 18:09:47.211 UWDECA Ignite Conference 2014[38286:80b] Cannot find executable for CFBundle 0xa759700 </Applications/Xcode.app/Contents/Developer/Platforms/iPhoneSimulator.platform/Developer/SDKs/iPhoneSimulator7.0.sdk/System/Library/AccessibilityBundles/CertUIFramework.axbundle> (not loaded)
2014-02-18 18:09:47.254 UWDECA Ignite Conference 2014[38286:80b] Cannot find executable for CFBundle 0xa5ab6e0 </Applications/Xcode.app/Contents/Developer/Platforms/iPhoneSimulator.platform/Developer/SDKs/iPhoneSimulator7.0.sdk/System/Library/AccessibilityBundles/GeoServices.axbundle> (not loaded)
2014-02-18 18:09:47.305 UWDECA Ignite Conference 2014[38286:80b] Multi-tasking -> Device: YES, App: YES
2014-02-18 18:09:47.344 UWDECA Ignite Conference 2014[38286:80b] Unlimited access to network resources
2014-02-18 18:09:47.795 UWDECA Ignite Conference 2014[38286:80b] Resetting plugins due to page load.
2014-02-18 18:09:49.999 UWDECA Ignite Conference 2014[38286:80b] Finished load of: file:///Users/shahmeernavid/Library/Application%20Support/iPhone%20Simulator/7.0/Applications/11D1DF68-45EF-4599-9FD5-60C7EDB4C373/UWDECA%20Ignite%20Conference%202014.app/www/index.html
objc[39918]: Class AXEmojiUtilities is implemented in both /Applications/Xcode.app/Contents/Developer/Platforms/iPhoneSimulator.platform/Developer/SDKs/iPhoneSimulator7.0.sdk/System/Library/PrivateFrameworks/AccessibilityUtilities.framework/AccessibilityUtilities and /Applications/Xcode.app/Contents/Developer/Platforms/iPhoneSimulator.platform/Developer/SDKs/iPhoneSimulator7.0.sdk/usr/lib/libAXSpeechManager.dylib. One of the two will be used. Which one is undefined.
2014-02-18 18:22:13.713 UWDECA Ignite Conference 2014[39918:80b] Cannot find executable for CFBundle 0xa694de0 </Applications/Xcode.app/Contents/Developer/Platforms/iPhoneSimulator.platform/Developer/SDKs/iPhoneSimulator7.0.sdk/System/Library/AccessibilityBundles/GeoServices.axbundle> (not loaded)
2014-02-18 18:22:13.743 UWDECA Ignite Conference 2014[39918:80b] Cannot find executable for CFBundle 0xa6b3330 </Applications/Xcode.app/Contents/Developer/Platforms/iPhoneSimulator.platform/Developer/SDKs/iPhoneSimulator7.0.sdk/System/Library/AccessibilityBundles/CertUIFramework.axbundle> (not loaded)
2014-02-18 18:22:13.800 UWDECA Ignite Conference 2014[39918:80b] Multi-tasking -> Device: YES, App: YES
2014-02-18 18:22:13.831 UWDECA Ignite Conference 2014[39918:80b] Unlimited access to network resources
2014-02-18 18:22:14.319 UWDECA Ignite Conference 2014[39918:80b] Resetting plugins due to page load.
2014-02-18 18:22:15.092 UWDECA Ignite Conference 2014[39918:80b] Finished load of: file:///Users/shahmeernavid/Library/Application%20Support/iPhone%20Simulator/7.0/Applications/11D1DF68-45EF-4599-9FD5-60C7EDB4C373/UWDECA%20Ignite%20Conference%202014.app/www/index.html
objc[41543]: Class AXEmojiUtilities is implemented in both /Applications/Xcode.app/Contents/Developer/Platforms/iPhoneSimulator.platform/Developer/SDKs/iPhoneSimulator7.0.sdk/System/Library/PrivateFrameworks/AccessibilityUtilities.framework/AccessibilityUtilities and /Applications/Xcode.app/Contents/Developer/Platforms/iPhoneSimulator.platform/Developer/SDKs/iPhoneSimulator7.0.sdk/usr/lib/libAXSpeechManager.dylib. One of the two will be used. Which one is undefined.
2014-02-18 18:32:23.070 UWDECA Ignite Conference 2014[41543:80b] Cannot find executable for CFBundle 0xa5ce930 </Applications/Xcode.app/Contents/Developer/Platforms/iPhoneSimulator.platform/Developer/SDKs/iPhoneSimulator7.0.sdk/System/Library/AccessibilityBundles/CertUIFramework.axbundle> (not loaded)
2014-02-18 18:32:23.103 UWDECA Ignite Conference 2014[41543:80b] Cannot find executable for CFBundle 0xa6b4390 </Applications/Xcode.app/Contents/Developer/Platforms/iPhoneSimulator.platform/Developer/SDKs/iPhoneSimulator7.0.sdk/System/Library/AccessibilityBundles/GeoServices.axbundle> (not loaded)
2014-02-18 18:32:23.162 UWDECA Ignite Conference 2014[41543:80b] Multi-tasking -> Device: YES, App: YES
2014-02-18 18:32:23.174 UWDECA Ignite Conference 2014[41543:80b] Unlimited access to network resources
2014-02-18 18:32:23.462 UWDECA Ignite Conference 2014[41543:80b] Resetting plugins due to page load.
2014-02-18 18:32:24.041 UWDECA Ignite Conference 2014[41543:80b] Finished load of: file:///Users/shahmeernavid/Library/Application%20Support/iPhone%20Simulator/7.0/Applications/11D1DF68-45EF-4599-9FD5-60C7EDB4C373/UWDECA%20Ignite%20Conference%202014.app/www/index.html
objc[43038]: Class AXEmojiUtilities is implemented in both /Applications/Xcode.app/Contents/Developer/Platforms/iPhoneSimulator.platform/Developer/SDKs/iPhoneSimulator7.0.sdk/System/Library/PrivateFrameworks/AccessibilityUtilities.framework/AccessibilityUtilities and /Applications/Xcode.app/Contents/Developer/Platforms/iPhoneSimulator.platform/Developer/SDKs/iPhoneSimulator7.0.sdk/usr/lib/libAXSpeechManager.dylib. One of the two will be used. Which one is undefined.
2014-02-18 18:35:13.761 UWDECA Ignite Conference 2014[43038:80b] Cannot find executable for CFBundle 0xa77a170 </Applications/Xcode.app/Contents/Developer/Platforms/iPhoneSimulator.platform/Developer/SDKs/iPhoneSimulator7.0.sdk/System/Library/AccessibilityBundles/CertUIFramework.axbundle> (not loaded)
2014-02-18 18:35:13.814 UWDECA Ignite Conference 2014[43038:80b] Cannot find executable for CFBundle 0xa645700 </Applications/Xcode.app/Contents/Developer/Platforms/iPhoneSimulator.platform/Developer/SDKs/iPhoneSimulator7.0.sdk/System/Library/AccessibilityBundles/GeoServices.axbundle> (not loaded)
2014-02-18 18:35:13.869 UWDECA Ignite Conference 2014[43038:80b] Multi-tasking -> Device: YES, App: YES
2014-02-18 18:35:13.880 UWDECA Ignite Conference 2014[43038:80b] Unlimited access to network resources
2014-02-18 18:35:14.119 UWDECA Ignite Conference 2014[43038:80b] Resetting plugins due to page load.
2014-02-18 18:35:14.811 UWDECA Ignite Conference 2014[43038:80b] Finished load of: file:///Users/shahmeernavid/Library/Application%20Support/iPhone%20Simulator/7.0/Applications/11D1DF68-45EF-4599-9FD5-60C7EDB4C373/UWDECA%20Ignite%20Conference%202014.app/www/index.html
objc[44552]: Class AXEmojiUtilities is implemented in both /Applications/Xcode.app/Contents/Developer/Platforms/iPhoneSimulator.platform/Developer/SDKs/iPhoneSimulator7.0.sdk/System/Library/PrivateFrameworks/AccessibilityUtilities.framework/AccessibilityUtilities and /Applications/Xcode.app/Contents/Developer/Platforms/iPhoneSimulator.platform/Developer/SDKs/iPhoneSimulator7.0.sdk/usr/lib/libAXSpeechManager.dylib. One of the two will be used. Which one is undefined.
2014-02-18 18:42:04.482 UWDECA Ignite Conference 2014[44552:80b] Cannot find executable for CFBundle 0xa637370 </Applications/Xcode.app/Contents/Developer/Platforms/iPhoneSimulator.platform/Developer/SDKs/iPhoneSimulator7.0.sdk/System/Library/AccessibilityBundles/CertUIFramework.axbundle> (not loaded)
2014-02-18 18:42:04.505 UWDECA Ignite Conference 2014[44552:80b] Cannot find executable for CFBundle 0xa43ab00 </Applications/Xcode.app/Contents/Developer/Platforms/iPhoneSimulator.platform/Developer/SDKs/iPhoneSimulator7.0.sdk/System/Library/AccessibilityBundles/GeoServices.axbundle> (not loaded)
2014-02-18 18:42:04.547 UWDECA Ignite Conference 2014[44552:80b] Multi-tasking -> Device: YES, App: YES
2014-02-18 18:42:04.558 UWDECA Ignite Conference 2014[44552:80b] Unlimited access to network resources
2014-02-18 18:42:04.835 UWDECA Ignite Conference 2014[44552:80b] Resetting plugins due to page load.
2014-02-18 18:42:05.419 UWDECA Ignite Conference 2014[44552:80b] Finished load of: file:///Users/shahmeernavid/Library/Application%20Support/iPhone%20Simulator/7.0/Applications/11D1DF68-45EF-4599-9FD5-60C7EDB4C373/UWDECA%20Ignite%20Conference%202014.app/www/index.html
objc[46052]: Class AXEmojiUtilities is implemented in both /Applications/Xcode.app/Contents/Developer/Platforms/iPhoneSimulator.platform/Developer/SDKs/iPhoneSimulator7.0.sdk/System/Library/PrivateFrameworks/AccessibilityUtilities.framework/AccessibilityUtilities and /Applications/Xcode.app/Contents/Developer/Platforms/iPhoneSimulator.platform/Developer/SDKs/iPhoneSimulator7.0.sdk/usr/lib/libAXSpeechManager.dylib. One of the two will be used. Which one is undefined.
2014-02-18 18:45:12.290 UWDECA Ignite Conference 2014[46052:80b] Cannot find executable for CFBundle 0xa6a8b60 </Applications/Xcode.app/Contents/Developer/Platforms/iPhoneSimulator.platform/Developer/SDKs/iPhoneSimulator7.0.sdk/System/Library/AccessibilityBundles/GeoServices.axbundle> (not loaded)
2014-02-18 18:45:12.328 UWDECA Ignite Conference 2014[46052:80b] Cannot find executable for CFBundle 0xa5b12c0 </Applications/Xcode.app/Contents/Developer/Platforms/iPhoneSimulator.platform/Developer/SDKs/iPhoneSimulator7.0.sdk/System/Library/AccessibilityBundles/CertUIFramework.axbundle> (not loaded)
2014-02-18 18:45:12.380 UWDECA Ignite Conference 2014[46052:80b] Multi-tasking -> Device: YES, App: YES
2014-02-18 18:45:12.391 UWDECA Ignite Conference 2014[46052:80b] Unlimited access to network resources
2014-02-18 18:45:12.635 UWDECA Ignite Conference 2014[46052:80b] Resetting plugins due to page load.
2014-02-18 18:45:13.300 UWDECA Ignite Conference 2014[46052:80b] Finished load of: file:///Users/shahmeernavid/Library/Application%20Support/iPhone%20Simulator/7.0/Applications/11D1DF68-45EF-4599-9FD5-60C7EDB4C373/UWDECA%20Ignite%20Conference%202014.app/www/index.html
objc[47893]: Class AXEmojiUtilities is implemented in both /Applications/Xcode.app/Contents/Developer/Platforms/iPhoneSimulator.platform/Developer/SDKs/iPhoneSimulator7.0.sdk/System/Library/PrivateFrameworks/AccessibilityUtilities.framework/AccessibilityUtilities and /Applications/Xcode.app/Contents/Developer/Platforms/iPhoneSimulator.platform/Developer/SDKs/iPhoneSimulator7.0.sdk/usr/lib/libAXSpeechManager.dylib. One of the two will be used. Which one is undefined.
2014-02-18 19:05:24.206 UWDECA Ignite Conference 2014[47893:80b] Cannot find executable for CFBundle 0xa772680 </Applications/Xcode.app/Contents/Developer/Platforms/iPhoneSimulator.platform/Developer/SDKs/iPhoneSimulator7.0.sdk/System/Library/AccessibilityBundles/GeoServices.axbundle> (not loaded)
2014-02-18 19:05:24.225 UWDECA Ignite Conference 2014[47893:80b] Cannot find executable for CFBundle 0xa77fe50 </Applications/Xcode.app/Contents/Developer/Platforms/iPhoneSimulator.platform/Developer/SDKs/iPhoneSimulator7.0.sdk/System/Library/AccessibilityBundles/CertUIFramework.axbundle> (not loaded)
2014-02-18 19:05:24.282 UWDECA Ignite Conference 2014[47893:80b] Multi-tasking -> Device: YES, App: YES
2014-02-18 19:05:24.315 UWDECA Ignite Conference 2014[47893:80b] Unlimited access to network resources
2014-02-18 19:05:24.721 UWDECA Ignite Conference 2014[47893:80b] Resetting plugins due to page load.
2014-02-18 19:05:25.359 UWDECA Ignite Conference 2014[47893:80b] Finished load of: file:///Users/shahmeernavid/Library/Application%20Support/iPhone%20Simulator/7.0/Applications/11D1DF68-45EF-4599-9FD5-60C7EDB4C373/UWDECA%20Ignite%20Conference%202014.app/www/index.html
objc[49474]: Class AXEmojiUtilities is implemented in both /Applications/Xcode.app/Contents/Developer/Platforms/iPhoneSimulator.platform/Developer/SDKs/iPhoneSimulator7.0.sdk/System/Library/PrivateFrameworks/AccessibilityUtilities.framework/AccessibilityUtilities and /Applications/Xcode.app/Contents/Developer/Platforms/iPhoneSimulator.platform/Developer/SDKs/iPhoneSimulator7.0.sdk/usr/lib/libAXSpeechManager.dylib. One of the two will be used. Which one is undefined.
2014-02-18 19:18:36.430 UWDECA Ignite Conference 2014[49474:80b] Cannot find executable for CFBundle 0xa46d370 </Applications/Xcode.app/Contents/Developer/Platforms/iPhoneSimulator.platform/Developer/SDKs/iPhoneSimulator7.0.sdk/System/Library/AccessibilityBundles/CertUIFramework.axbundle> (not loaded)
2014-02-18 19:18:36.445 UWDECA Ignite Conference 2014[49474:80b] Cannot find executable for CFBundle 0xa473870 </Applications/Xcode.app/Contents/Developer/Platforms/iPhoneSimulator.platform/Developer/SDKs/iPhoneSimulator7.0.sdk/System/Library/AccessibilityBundles/GeoServices.axbundle> (not loaded)
2014-02-18 19:18:36.483 UWDECA Ignite Conference 2014[49474:80b] Multi-tasking -> Device: YES, App: YES
2014-02-18 19:18:36.520 UWDECA Ignite Conference 2014[49474:80b] Unlimited access to network resources
2014-02-18 19:18:37.008 UWDECA Ignite Conference 2014[49474:80b] Resetting plugins due to page load.
2014-02-18 19:18:37.757 UWDECA Ignite Conference 2014[49474:80b] Finished load of: file:///Users/shahmeernavid/Library/Application%20Support/iPhone%20Simulator/7.0/Applications/11D1DF68-45EF-4599-9FD5-60C7EDB4C373/UWDECA%20Ignite%20Conference%202014.app/www/index.html
